[2021-11-23T10:30:45.725] [INFO] info - POST -- 请求地址：/login?_date=1637634645312， 请求参数：{"userName":"admin","password":"eea80f0ee253d7297da03c3f046f872def8d9ba869ee635a0cd898204bae2764"}
[2021-11-23T10:30:45.747] [INFO] info - POST -- 地址：/login?_date=1637634645312， 响应：{"status":200,"message":"成功"}
[2021-11-23T10:30:45.908] [INFO] info - POST -- 请求地址：/user/table/list?_date=1637634645826， 请求参数：{"page":"1","size":"30","orderField":"createdTime","orderBy":"DESC"}
[2021-11-23T10:30:45.909] [INFO] info - POST -- 地址：/user/table/list?_date=1637634645826， 响应：{"status":200,"message":"成功"}
[2021-11-23T10:30:52.481] [INFO] info - POST -- 请求地址：/chart/pie?_date=1637634652468， 请求参数：{}
[2021-11-23T10:30:52.482] [INFO] info - POST -- 地址：/chart/pie?_date=1637634652468， 响应：{"status":200,"message":"成功"}
[2021-11-23T10:30:52.485] [INFO] info - POST -- 请求地址：/chart/line?_date=1637634652469， 请求参数：{}
[2021-11-23T10:30:52.486] [INFO] info - POST -- 地址：/chart/line?_date=1637634652469， 响应：{"status":200,"message":"成功"}
[2021-11-23T10:30:52.488] [INFO] info - POST -- 请求地址：/chart/bar?_date=1637634652469， 请求参数：{}
[2021-11-23T10:30:52.489] [INFO] info - POST -- 地址：/chart/bar?_date=1637634652469， 响应：{"status":200,"message":"成功"}
[2021-11-23T10:30:52.787] [INFO] info - POST -- 请求地址：/chart/map?_date=1637634652469， 请求参数：{}
[2021-11-23T10:30:52.787] [INFO] info - POST -- 地址：/chart/map?_date=1637634652469， 响应：{"status":200,"message":"成功"}
[2021-11-23T10:30:52.790] [INFO] info - POST -- 请求地址：/chart/map?_date=1637634652470， 请求参数：{}
[2021-11-23T10:30:52.791] [INFO] info - POST -- 地址：/chart/map?_date=1637634652470， 响应：{"status":200,"message":"成功"}
[2021-11-23T10:30:52.794] [INFO] info - POST -- 请求地址：/chart/map?_date=1637634652470， 请求参数：{}
[2021-11-23T10:30:52.795] [INFO] info - POST -- 地址：/chart/map?_date=1637634652470， 响应：{"status":200,"message":"成功"}
[2021-11-23T10:30:52.800] [INFO] info - POST -- 请求地址：/chart/map?_date=1637634652470， 请求参数：{}
[2021-11-23T10:30:52.801] [INFO] info - POST -- 地址：/chart/map?_date=1637634652470， 响应：{"status":200,"message":"成功"}
[2021-11-23T10:30:52.803] [INFO] info - POST -- 请求地址：/chart/map?_date=1637634652471， 请求参数：{}
[2021-11-23T10:30:52.803] [INFO] info - POST -- 地址：/chart/map?_date=1637634652471， 响应：{"status":200,"message":"成功"}
[2021-11-23T10:30:57.749] [INFO] info - POST -- 请求地址：/chart/pie?_date=1637634657734， 请求参数：{}
[2021-11-23T10:30:57.750] [INFO] info - POST -- 地址：/chart/pie?_date=1637634657734， 响应：{"status":200,"message":"成功"}
[2021-11-23T10:30:57.757] [INFO] info - POST -- 请求地址：/chart/line?_date=1637634657735， 请求参数：{}
[2021-11-23T10:30:57.758] [INFO] info - POST -- 地址：/chart/line?_date=1637634657735， 响应：{"status":200,"message":"成功"}
[2021-11-23T10:30:57.760] [INFO] info - POST -- 请求地址：/chart/bar?_date=1637634657736， 请求参数：{}
[2021-11-23T10:30:57.763] [INFO] info - POST -- 地址：/chart/bar?_date=1637634657736， 响应：{"status":200,"message":"成功"}
[2021-11-23T10:30:57.765] [INFO] info - POST -- 请求地址：/chart/map?_date=1637634657736， 请求参数：{}
[2021-11-23T10:30:57.765] [INFO] info - POST -- 地址：/chart/map?_date=1637634657736， 响应：{"status":200,"message":"成功"}
[2021-11-23T10:30:58.055] [INFO] info - POST -- 请求地址：/chart/map?_date=1637634657736， 请求参数：{}
[2021-11-23T10:30:58.056] [INFO] info - POST -- 地址：/chart/map?_date=1637634657736， 响应：{"status":200,"message":"成功"}
[2021-11-23T10:30:58.059] [INFO] info - POST -- 请求地址：/chart/map?_date=1637634657737， 请求参数：{}
[2021-11-23T10:30:58.060] [INFO] info - POST -- 地址：/chart/map?_date=1637634657737， 响应：{"status":200,"message":"成功"}
[2021-11-23T10:30:58.071] [INFO] info - POST -- 请求地址：/chart/map?_date=1637634657737， 请求参数：{}
[2021-11-23T10:30:58.071] [INFO] info - POST -- 地址：/chart/map?_date=1637634657737， 响应：{"status":200,"message":"成功"}
[2021-11-23T10:30:58.073] [INFO] info - POST -- 请求地址：/chart/map?_date=1637634657737， 请求参数：{}
[2021-11-23T10:30:58.073] [INFO] info - POST -- 地址：/chart/map?_date=1637634657737， 响应：{"status":200,"message":"成功"}
[2021-11-23T10:32:16.142] [INFO] info - POST -- 请求地址：/chart/pie?_date=1637634736125， 请求参数：{}
[2021-11-23T10:32:16.143] [INFO] info - POST -- 地址：/chart/pie?_date=1637634736125， 响应：{"status":200,"message":"成功"}
[2021-11-23T10:32:16.147] [INFO] info - POST -- 请求地址：/chart/line?_date=1637634736126， 请求参数：{}
[2021-11-23T10:32:16.148] [INFO] info - POST -- 地址：/chart/line?_date=1637634736126， 响应：{"status":200,"message":"成功"}
[2021-11-23T10:32:16.150] [INFO] info - POST -- 请求地址：/chart/bar?_date=1637634736126， 请求参数：{}
[2021-11-23T10:32:16.151] [INFO] info - POST -- 地址：/chart/bar?_date=1637634736126， 响应：{"status":200,"message":"成功"}
[2021-11-23T10:32:16.152] [INFO] info - POST -- 请求地址：/chart/map?_date=1637634736127， 请求参数：{}
[2021-11-23T10:32:16.154] [INFO] info - POST -- 地址：/chart/map?_date=1637634736127， 响应：{"status":200,"message":"成功"}
[2021-11-23T10:32:16.156] [INFO] info - POST -- 请求地址：/chart/map?_date=1637634736127， 请求参数：{}
[2021-11-23T10:32:16.156] [INFO] info - POST -- 地址：/chart/map?_date=1637634736127， 响应：{"status":200,"message":"成功"}
[2021-11-23T10:32:16.455] [INFO] info - POST -- 请求地址：/chart/map?_date=1637634736128， 请求参数：{}
[2021-11-23T10:32:16.458] [INFO] info - POST -- 地址：/chart/map?_date=1637634736128， 响应：{"status":200,"message":"成功"}
[2021-11-23T10:32:16.462] [INFO] info - POST -- 请求地址：/chart/map?_date=1637634736128， 请求参数：{}
[2021-11-23T10:32:16.465] [INFO] info - POST -- 地址：/chart/map?_date=1637634736128， 响应：{"status":200,"message":"成功"}
[2021-11-23T10:32:16.468] [INFO] info - POST -- 请求地址：/chart/map?_date=1637634736129， 请求参数：{}
[2021-11-23T10:32:16.468] [INFO] info - POST -- 地址：/chart/map?_date=1637634736129， 响应：{"status":200,"message":"成功"}
[2021-11-23T10:33:02.590] [INFO] info - POST -- 请求地址：/chart/pie?_date=1637634782573， 请求参数：{}
[2021-11-23T10:33:02.592] [INFO] info - POST -- 地址：/chart/pie?_date=1637634782573， 响应：{"status":200,"message":"成功"}
[2021-11-23T10:33:02.596] [INFO] info - POST -- 请求地址：/chart/line?_date=1637634782574， 请求参数：{}
[2021-11-23T10:33:02.597] [INFO] info - POST -- 地址：/chart/line?_date=1637634782574， 响应：{"status":200,"message":"成功"}
[2021-11-23T10:33:02.599] [INFO] info - POST -- 请求地址：/chart/bar?_date=1637634782575， 请求参数：{}
[2021-11-23T10:33:02.602] [INFO] info - POST -- 地址：/chart/bar?_date=1637634782575， 响应：{"status":200,"message":"成功"}
[2021-11-23T10:33:02.604] [INFO] info - POST -- 请求地址：/chart/map?_date=1637634782575， 请求参数：{}
[2021-11-23T10:33:02.605] [INFO] info - POST -- 地址：/chart/map?_date=1637634782575， 响应：{"status":200,"message":"成功"}
[2021-11-23T10:33:02.607] [INFO] info - POST -- 请求地址：/chart/map?_date=1637634782575， 请求参数：{}
[2021-11-23T10:33:02.608] [INFO] info - POST -- 地址：/chart/map?_date=1637634782575， 响应：{"status":200,"message":"成功"}
[2021-11-23T10:33:02.609] [INFO] info - POST -- 请求地址：/chart/map?_date=1637634782576， 请求参数：{}
[2021-11-23T10:33:02.610] [INFO] info - POST -- 地址：/chart/map?_date=1637634782576， 响应：{"status":200,"message":"成功"}
[2021-11-23T10:33:02.907] [INFO] info - POST -- 请求地址：/chart/map?_date=1637634782576， 请求参数：{}
[2021-11-23T10:33:02.907] [INFO] info - POST -- 地址：/chart/map?_date=1637634782576， 响应：{"status":200,"message":"成功"}
[2021-11-23T10:33:02.910] [INFO] info - POST -- 请求地址：/chart/map?_date=1637634782576， 请求参数：{}
[2021-11-23T10:33:02.911] [INFO] info - POST -- 地址：/chart/map?_date=1637634782576， 响应：{"status":200,"message":"成功"}
[2021-11-23T10:33:05.832] [INFO] info - POST -- 请求地址：/chart/pie?_date=1637634785816， 请求参数：{}
[2021-11-23T10:33:05.833] [INFO] info - POST -- 地址：/chart/pie?_date=1637634785816， 响应：{"status":200,"message":"成功"}
[2021-11-23T10:33:05.838] [INFO] info - POST -- 请求地址：/chart/line?_date=1637634785817， 请求参数：{}
[2021-11-23T10:33:05.842] [INFO] info - POST -- 地址：/chart/line?_date=1637634785817， 响应：{"status":200,"message":"成功"}
[2021-11-23T10:33:05.844] [INFO] info - POST -- 请求地址：/chart/bar?_date=1637634785818， 请求参数：{}
[2021-11-23T10:33:05.848] [INFO] info - POST -- 地址：/chart/bar?_date=1637634785818， 响应：{"status":200,"message":"成功"}
[2021-11-23T10:33:05.850] [INFO] info - POST -- 请求地址：/chart/map?_date=1637634785818， 请求参数：{}
[2021-11-23T10:33:05.851] [INFO] info - POST -- 地址：/chart/map?_date=1637634785818， 响应：{"status":200,"message":"成功"}
[2021-11-23T10:33:05.853] [INFO] info - POST -- 请求地址：/chart/map?_date=1637634785818， 请求参数：{}
[2021-11-23T10:33:05.854] [INFO] info - POST -- 地址：/chart/map?_date=1637634785818， 响应：{"status":200,"message":"成功"}
[2021-11-23T10:33:05.861] [INFO] info - POST -- 请求地址：/chart/map?_date=1637634785819， 请求参数：{}
[2021-11-23T10:33:05.865] [INFO] info - POST -- 地址：/chart/map?_date=1637634785819， 响应：{"status":200,"message":"成功"}
[2021-11-23T10:33:06.144] [INFO] info - POST -- 请求地址：/chart/map?_date=1637634785819， 请求参数：{}
[2021-11-23T10:33:06.145] [INFO] info - POST -- 地址：/chart/map?_date=1637634785819， 响应：{"status":200,"message":"成功"}
[2021-11-23T10:33:06.152] [INFO] info - POST -- 请求地址：/chart/map?_date=1637634785819， 请求参数：{}
[2021-11-23T10:33:06.153] [INFO] info - POST -- 地址：/chart/map?_date=1637634785819， 响应：{"status":200,"message":"成功"}
[2021-11-23T10:33:19.457] [INFO] info - POST -- 请求地址：/chart/pie?_date=1637634799440， 请求参数：{}
[2021-11-23T10:33:19.458] [INFO] info - POST -- 地址：/chart/pie?_date=1637634799440， 响应：{"status":200,"message":"成功"}
[2021-11-23T10:33:19.463] [INFO] info - POST -- 请求地址：/chart/line?_date=1637634799441， 请求参数：{}
[2021-11-23T10:33:19.466] [INFO] info - POST -- 地址：/chart/line?_date=1637634799441， 响应：{"status":200,"message":"成功"}
[2021-11-23T10:33:19.469] [INFO] info - POST -- 请求地址：/chart/bar?_date=1637634799442， 请求参数：{}
[2021-11-23T10:33:19.471] [INFO] info - POST -- 地址：/chart/bar?_date=1637634799442， 响应：{"status":200,"message":"成功"}
[2021-11-23T10:33:19.473] [INFO] info - POST -- 请求地址：/chart/map?_date=1637634799442， 请求参数：{}
[2021-11-23T10:33:19.474] [INFO] info - POST -- 地址：/chart/map?_date=1637634799442， 响应：{"status":200,"message":"成功"}
[2021-11-23T10:33:19.475] [INFO] info - POST -- 请求地址：/chart/map?_date=1637634799443， 请求参数：{}
[2021-11-23T10:33:19.476] [INFO] info - POST -- 地址：/chart/map?_date=1637634799443， 响应：{"status":200,"message":"成功"}
[2021-11-23T10:33:19.477] [INFO] info - POST -- 请求地址：/chart/map?_date=1637634799443， 请求参数：{}
[2021-11-23T10:33:19.479] [INFO] info - POST -- 地址：/chart/map?_date=1637634799443， 响应：{"status":200,"message":"成功"}
[2021-11-23T10:33:19.770] [INFO] info - POST -- 请求地址：/chart/map?_date=1637634799443， 请求参数：{}
[2021-11-23T10:33:19.771] [INFO] info - POST -- 地址：/chart/map?_date=1637634799443， 响应：{"status":200,"message":"成功"}
[2021-11-23T10:33:19.774] [INFO] info - POST -- 请求地址：/chart/map?_date=1637634799444， 请求参数：{}
[2021-11-23T10:33:19.775] [INFO] info - POST -- 地址：/chart/map?_date=1637634799444， 响应：{"status":200,"message":"成功"}
[2021-11-23T10:33:24.420] [INFO] info - POST -- 请求地址：/chart/pie?_date=1637634804401， 请求参数：{}
[2021-11-23T10:33:24.421] [INFO] info - POST -- 地址：/chart/pie?_date=1637634804401， 响应：{"status":200,"message":"成功"}
[2021-11-23T10:33:24.424] [INFO] info - POST -- 请求地址：/chart/line?_date=1637634804402， 请求参数：{}
[2021-11-23T10:33:24.425] [INFO] info - POST -- 地址：/chart/line?_date=1637634804402， 响应：{"status":200,"message":"成功"}
[2021-11-23T10:33:24.428] [INFO] info - POST -- 请求地址：/chart/bar?_date=1637634804403， 请求参数：{}
[2021-11-23T10:33:24.430] [INFO] info - POST -- 地址：/chart/bar?_date=1637634804403， 响应：{"status":200,"message":"成功"}
[2021-11-23T10:33:24.434] [INFO] info - POST -- 请求地址：/chart/map?_date=1637634804403， 请求参数：{}
[2021-11-23T10:33:24.449] [INFO] info - POST -- 地址：/chart/map?_date=1637634804403， 响应：{"status":200,"message":"成功"}
[2021-11-23T10:33:24.451] [INFO] info - POST -- 请求地址：/chart/map?_date=1637634804403， 请求参数：{}
[2021-11-23T10:33:24.452] [INFO] info - POST -- 地址：/chart/map?_date=1637634804403， 响应：{"status":200,"message":"成功"}
[2021-11-23T10:33:24.454] [INFO] info - POST -- 请求地址：/chart/map?_date=1637634804404， 请求参数：{}
[2021-11-23T10:33:24.455] [INFO] info - POST -- 地址：/chart/map?_date=1637634804404， 响应：{"status":200,"message":"成功"}
[2021-11-23T10:33:24.732] [INFO] info - POST -- 请求地址：/chart/map?_date=1637634804404， 请求参数：{}
[2021-11-23T10:33:24.733] [INFO] info - POST -- 地址：/chart/map?_date=1637634804404， 响应：{"status":200,"message":"成功"}
[2021-11-23T10:33:24.736] [INFO] info - POST -- 请求地址：/chart/map?_date=1637634804404， 请求参数：{}
[2021-11-23T10:33:24.737] [INFO] info - POST -- 地址：/chart/map?_date=1637634804404， 响应：{"status":200,"message":"成功"}
[2021-11-23T10:33:27.393] [INFO] info - POST -- 请求地址：/chart/pie?_date=1637634807379， 请求参数：{}
[2021-11-23T10:33:27.401] [INFO] info - POST -- 地址：/chart/pie?_date=1637634807379， 响应：{"status":200,"message":"成功"}
[2021-11-23T10:33:27.408] [INFO] info - POST -- 请求地址：/chart/line?_date=1637634807380， 请求参数：{}
[2021-11-23T10:33:27.412] [INFO] info - POST -- 地址：/chart/line?_date=1637634807380， 响应：{"status":200,"message":"成功"}
[2021-11-23T10:33:27.413] [INFO] info - POST -- 请求地址：/chart/bar?_date=1637634807380， 请求参数：{}
[2021-11-23T10:33:27.415] [INFO] info - POST -- 地址：/chart/bar?_date=1637634807380， 响应：{"status":200,"message":"成功"}
[2021-11-23T10:33:27.417] [INFO] info - POST -- 请求地址：/chart/map?_date=1637634807381， 请求参数：{}
[2021-11-23T10:33:27.418] [INFO] info - POST -- 地址：/chart/map?_date=1637634807381， 响应：{"status":200,"message":"成功"}
[2021-11-23T10:33:27.420] [INFO] info - POST -- 请求地址：/chart/map?_date=1637634807381， 请求参数：{}
[2021-11-23T10:33:27.421] [INFO] info - POST -- 地址：/chart/map?_date=1637634807381， 响应：{"status":200,"message":"成功"}
[2021-11-23T10:33:27.424] [INFO] info - POST -- 请求地址：/chart/map?_date=1637634807381， 请求参数：{}
[2021-11-23T10:33:27.424] [INFO] info - POST -- 地址：/chart/map?_date=1637634807381， 响应：{"status":200,"message":"成功"}
[2021-11-23T10:33:27.710] [INFO] info - POST -- 请求地址：/chart/map?_date=1637634807382， 请求参数：{}
[2021-11-23T10:33:27.710] [INFO] info - POST -- 地址：/chart/map?_date=1637634807382， 响应：{"status":200,"message":"成功"}
[2021-11-23T10:33:27.720] [INFO] info - POST -- 请求地址：/chart/map?_date=1637634807382， 请求参数：{}
[2021-11-23T10:33:27.720] [INFO] info - POST -- 地址：/chart/map?_date=1637634807382， 响应：{"status":200,"message":"成功"}
[2021-11-23T10:33:39.461] [INFO] info - POST -- 请求地址：/chart/pie?_date=1637634819372， 请求参数：{}
[2021-11-23T10:33:39.463] [INFO] info - POST -- 地址：/chart/pie?_date=1637634819372， 响应：{"status":200,"message":"成功"}
[2021-11-23T10:33:39.466] [INFO] info - POST -- 请求地址：/chart/line?_date=1637634819372， 请求参数：{}
[2021-11-23T10:33:39.466] [INFO] info - POST -- 地址：/chart/line?_date=1637634819372， 响应：{"status":200,"message":"成功"}
[2021-11-23T10:33:39.769] [INFO] info - POST -- 请求地址：/chart/bar?_date=1637634819373， 请求参数：{}
[2021-11-23T10:33:39.775] [INFO] info - POST -- 地址：/chart/bar?_date=1637634819373， 响应：{"status":200,"message":"成功"}
[2021-11-23T10:33:39.788] [INFO] info - POST -- 请求地址：/chart/map?_date=1637634819373， 请求参数：{}
[2021-11-23T10:33:39.791] [INFO] info - POST -- 地址：/chart/map?_date=1637634819373， 响应：{"status":200,"message":"成功"}
[2021-11-23T10:33:39.799] [INFO] info - POST -- 请求地址：/chart/map?_date=1637634819373， 请求参数：{}
[2021-11-23T10:33:39.800] [INFO] info - POST -- 地址：/chart/map?_date=1637634819373， 响应：{"status":200,"message":"成功"}
[2021-11-23T10:33:39.802] [INFO] info - POST -- 请求地址：/chart/map?_date=1637634819373， 请求参数：{}
[2021-11-23T10:33:39.802] [INFO] info - POST -- 地址：/chart/map?_date=1637634819373， 响应：{"status":200,"message":"成功"}
[2021-11-23T10:33:39.804] [INFO] info - POST -- 请求地址：/chart/map?_date=1637634819373， 请求参数：{}
[2021-11-23T10:33:39.805] [INFO] info - POST -- 地址：/chart/map?_date=1637634819373， 响应：{"status":200,"message":"成功"}
[2021-11-23T10:33:39.808] [INFO] info - POST -- 请求地址：/chart/map?_date=1637634819374， 请求参数：{}
[2021-11-23T10:33:39.809] [INFO] info - POST -- 地址：/chart/map?_date=1637634819374， 响应：{"status":200,"message":"成功"}
[2021-11-23T10:33:47.243] [INFO] info - POST -- 请求地址：/chart/pie?_date=1637634827229， 请求参数：{}
[2021-11-23T10:33:47.244] [INFO] info - POST -- 地址：/chart/pie?_date=1637634827229， 响应：{"status":200,"message":"成功"}
[2021-11-23T10:33:47.252] [INFO] info - POST -- 请求地址：/chart/line?_date=1637634827231， 请求参数：{}
[2021-11-23T10:33:47.252] [INFO] info - POST -- 地址：/chart/line?_date=1637634827231， 响应：{"status":200,"message":"成功"}
[2021-11-23T10:33:47.658] [INFO] info - POST -- 请求地址：/chart/bar?_date=1637634827231， 请求参数：{}
[2021-11-23T10:33:47.660] [INFO] info - POST -- 地址：/chart/bar?_date=1637634827231， 响应：{"status":200,"message":"成功"}
[2021-11-23T10:33:47.663] [INFO] info - POST -- 请求地址：/chart/map?_date=1637634827232， 请求参数：{}
[2021-11-23T10:33:47.664] [INFO] info - POST -- 地址：/chart/map?_date=1637634827232， 响应：{"status":200,"message":"成功"}
[2021-11-23T10:33:47.666] [INFO] info - POST -- 请求地址：/chart/map?_date=1637634827232， 请求参数：{}
[2021-11-23T10:33:47.666] [INFO] info - POST -- 地址：/chart/map?_date=1637634827232， 响应：{"status":200,"message":"成功"}
[2021-11-23T10:33:47.667] [INFO] info - POST -- 请求地址：/chart/map?_date=1637634827232， 请求参数：{}
[2021-11-23T10:33:47.668] [INFO] info - POST -- 地址：/chart/map?_date=1637634827232， 响应：{"status":200,"message":"成功"}
[2021-11-23T10:33:47.669] [INFO] info - POST -- 请求地址：/chart/map?_date=1637634827232， 请求参数：{}
[2021-11-23T10:33:47.670] [INFO] info - POST -- 地址：/chart/map?_date=1637634827232， 响应：{"status":200,"message":"成功"}
[2021-11-23T10:33:48.159] [INFO] info - POST -- 请求地址：/chart/map?_date=1637634827233， 请求参数：{}
[2021-11-23T10:33:48.160] [INFO] info - POST -- 地址：/chart/map?_date=1637634827233， 响应：{"status":200,"message":"成功"}
[2021-11-23T10:33:49.786] [INFO] info - POST -- 请求地址：/chart/pie?_date=1637634829772， 请求参数：{}
[2021-11-23T10:33:49.791] [INFO] info - POST -- 地址：/chart/pie?_date=1637634829772， 响应：{"status":200,"message":"成功"}
[2021-11-23T10:33:49.794] [INFO] info - POST -- 请求地址：/chart/line?_date=1637634829773， 请求参数：{}
[2021-11-23T10:33:49.795] [INFO] info - POST -- 地址：/chart/line?_date=1637634829773， 响应：{"status":200,"message":"成功"}
[2021-11-23T10:33:49.797] [INFO] info - POST -- 请求地址：/chart/bar?_date=1637634829773， 请求参数：{}
[2021-11-23T10:33:49.797] [INFO] info - POST -- 地址：/chart/bar?_date=1637634829773， 响应：{"status":200,"message":"成功"}
[2021-11-23T10:33:49.799] [INFO] info - POST -- 请求地址：/chart/map?_date=1637634829774， 请求参数：{}
[2021-11-23T10:33:49.799] [INFO] info - POST -- 地址：/chart/map?_date=1637634829774， 响应：{"status":200,"message":"成功"}
[2021-11-23T10:33:49.801] [INFO] info - POST -- 请求地址：/chart/map?_date=1637634829774， 请求参数：{}
[2021-11-23T10:33:49.803] [INFO] info - POST -- 地址：/chart/map?_date=1637634829774， 响应：{"status":200,"message":"成功"}
[2021-11-23T10:33:50.102] [INFO] info - POST -- 请求地址：/chart/map?_date=1637634829774， 请求参数：{}
[2021-11-23T10:33:50.119] [INFO] info - POST -- 地址：/chart/map?_date=1637634829774， 响应：{"status":200,"message":"成功"}
[2021-11-23T10:33:50.122] [INFO] info - POST -- 请求地址：/chart/map?_date=1637634829775， 请求参数：{}
[2021-11-23T10:33:50.123] [INFO] info - POST -- 地址：/chart/map?_date=1637634829775， 响应：{"status":200,"message":"成功"}
[2021-11-23T10:33:50.126] [INFO] info - POST -- 请求地址：/chart/map?_date=1637634829775， 请求参数：{}
[2021-11-23T10:33:50.127] [INFO] info - POST -- 地址：/chart/map?_date=1637634829775， 响应：{"status":200,"message":"成功"}
[2021-11-23T10:34:32.722] [INFO] info - POST -- 请求地址：/chart/pie?_date=1637634872685， 请求参数：{}
[2021-11-23T10:34:32.727] [INFO] info - POST -- 地址：/chart/pie?_date=1637634872685， 响应：{"status":200,"message":"成功"}
[2021-11-23T10:34:32.732] [INFO] info - POST -- 请求地址：/chart/line?_date=1637634872686， 请求参数：{}
[2021-11-23T10:34:32.740] [INFO] info - POST -- 地址：/chart/line?_date=1637634872686， 响应：{"status":200,"message":"成功"}
[2021-11-23T10:34:32.742] [INFO] info - POST -- 请求地址：/chart/bar?_date=1637634872686， 请求参数：{}
[2021-11-23T10:34:32.743] [INFO] info - POST -- 地址：/chart/bar?_date=1637634872686， 响应：{"status":200,"message":"成功"}
[2021-11-23T10:34:32.750] [INFO] info - POST -- 请求地址：/chart/map?_date=1637634872687， 请求参数：{}
[2021-11-23T10:34:32.752] [INFO] info - POST -- 地址：/chart/map?_date=1637634872687， 响应：{"status":200,"message":"成功"}
[2021-11-23T10:34:32.755] [INFO] info - POST -- 请求地址：/chart/map?_date=1637634872687， 请求参数：{}
[2021-11-23T10:34:32.757] [INFO] info - POST -- 地址：/chart/map?_date=1637634872687， 响应：{"status":200,"message":"成功"}
[2021-11-23T10:34:33.025] [INFO] info - POST -- 请求地址：/chart/map?_date=1637634872688， 请求参数：{}
[2021-11-23T10:34:33.026] [INFO] info - POST -- 地址：/chart/map?_date=1637634872688， 响应：{"status":200,"message":"成功"}
[2021-11-23T10:34:33.039] [INFO] info - POST -- 请求地址：/chart/map?_date=1637634872688， 请求参数：{}
[2021-11-23T10:34:33.039] [INFO] info - POST -- 地址：/chart/map?_date=1637634872688， 响应：{"status":200,"message":"成功"}
[2021-11-23T10:34:33.051] [INFO] info - POST -- 请求地址：/chart/map?_date=1637634872688， 请求参数：{}
[2021-11-23T10:34:33.052] [INFO] info - POST -- 地址：/chart/map?_date=1637634872688， 响应：{"status":200,"message":"成功"}
[2021-11-23T10:36:13.042] [INFO] info - POST -- 请求地址：/chart/pie?_date=1637634973020， 请求参数：{}
[2021-11-23T10:36:13.043] [INFO] info - POST -- 地址：/chart/pie?_date=1637634973020， 响应：{"status":200,"message":"成功"}
[2021-11-23T10:36:13.047] [INFO] info - POST -- 请求地址：/chart/line?_date=1637634973021， 请求参数：{}
[2021-11-23T10:36:13.048] [INFO] info - POST -- 地址：/chart/line?_date=1637634973021， 响应：{"status":200,"message":"成功"}
[2021-11-23T10:36:13.050] [INFO] info - POST -- 请求地址：/chart/bar?_date=1637634973022， 请求参数：{}
[2021-11-23T10:36:13.051] [INFO] info - POST -- 地址：/chart/bar?_date=1637634973022， 响应：{"status":200,"message":"成功"}
[2021-11-23T10:36:13.052] [INFO] info - POST -- 请求地址：/chart/map?_date=1637634973022， 请求参数：{}
[2021-11-23T10:36:13.053] [INFO] info - POST -- 地址：/chart/map?_date=1637634973022， 响应：{"status":200,"message":"成功"}
[2021-11-23T10:36:13.055] [INFO] info - POST -- 请求地址：/chart/map?_date=1637634973024， 请求参数：{}
[2021-11-23T10:36:13.055] [INFO] info - POST -- 地址：/chart/map?_date=1637634973024， 响应：{"status":200,"message":"成功"}
[2021-11-23T10:36:13.359] [INFO] info - POST -- 请求地址：/chart/map?_date=1637634973024， 请求参数：{}
[2021-11-23T10:36:13.360] [INFO] info - POST -- 地址：/chart/map?_date=1637634973024， 响应：{"status":200,"message":"成功"}
[2021-11-23T10:36:13.364] [INFO] info - POST -- 请求地址：/chart/map?_date=1637634973024， 请求参数：{}
[2021-11-23T10:36:13.365] [INFO] info - POST -- 地址：/chart/map?_date=1637634973024， 响应：{"status":200,"message":"成功"}
[2021-11-23T10:36:13.367] [INFO] info - POST -- 请求地址：/chart/map?_date=1637634973025， 请求参数：{}
[2021-11-23T10:36:13.367] [INFO] info - POST -- 地址：/chart/map?_date=1637634973025， 响应：{"status":200,"message":"成功"}
